2025-10-24 01:13:45,684 | INFO | 🚀 Парсер запущено. Очікування нових постів...
2025-10-24 01:13:46,449 | INFO | 🔎 Знайдено 20 постів, перевіряємо нові...
2025-10-24 01:13:46,451 | INFO | ℹ️ pat_cherkasyoblenergo_908 — немає графіка або дати, пропущено.
2025-10-24 01:13:46,453 | INFO | ℹ️ pat_cherkasyoblenergo_909 — немає графіка або дати, пропущено.
2025-10-24 01:13:46,454 | INFO | ℹ️ pat_cherkasyoblenergo_910 — немає графіка або дати, пропущено.
2025-10-24 01:13:46,455 | INFO | ℹ️ pat_cherkasyoblenergo_911 — немає графіка або дати, пропущено.
2025-10-24 01:13:46,457 | INFO | ℹ️ pat_cherkasyoblenergo_913 — немає графіка або дати, пропущено.
2025-10-24 01:13:46,458 | INFO | ℹ️ pat_cherkasyoblenergo_914 — немає графіка або дати, пропущено.
2025-10-24 01:13:46,459 | INFO | ℹ️ pat_cherkasyoblenergo_915 — немає графіка або дати, пропущено.
2025-10-24 01:13:46,460 | INFO | ℹ️ pat_cherkasyoblenergo_916 — немає графіка або дати, пропущено.
2025-10-24 01:13:46,462 | INFO | ℹ️ pat_cherkasyoblenergo_917 — немає графіка або дати, пропущено.
2025-10-24 01:13:46,463 | INFO | ℹ️ pat_cherkasyoblenergo_918 — немає графіка або дати, пропущено.
2025-10-24 01:13:46,464 | INFO | ℹ️ pat_cherkasyoblenergo_919 — немає графіка або дати, пропущено.
2025-10-24 01:13:46,465 | INFO | ℹ️ pat_cherkasyoblenergo_920 — немає графіка або дати, пропущено.
2025-10-24 01:13:46,466 | INFO | ✅ Збережено schedule_2210.json (4 черг)
2025-10-24 01:13:46,469 | INFO | ✅ pat_cherkasyoblenergo_921 — оброблено і збережено.
2025-10-24 01:13:46,471 | INFO | ✅ Збережено schedule_2210.json (12 черг)
2025-10-24 01:13:46,472 | INFO | ✅ pat_cherkasyoblenergo_922 — оброблено і збережено.
2025-10-24 01:13:46,473 | INFO | ℹ️ pat_cherkasyoblenergo_923 — немає графіка або дати, пропущено.
2025-10-24 01:13:46,474 | INFO | ✅ Збережено schedule_2310.json (12 черг)
2025-10-24 01:13:46,474 | INFO | ✅ pat_cherkasyoblenergo_924 — оброблено і збережено.
2025-10-24 01:13:46,475 | INFO | ✅ Збережено schedule_2310.json (8 черг)
2025-10-24 01:13:46,476 | INFO | ✅ pat_cherkasyoblenergo_925 — оброблено і збережено.
2025-10-24 01:13:46,477 | INFO | ℹ️ pat_cherkasyoblenergo_926 — немає графіка або дати, пропущено.
2025-10-24 01:13:46,478 | INFO | ℹ️ pat_cherkasyoblenergo_927 — немає графіка або дати, пропущено.
2025-10-24 01:13:46,479 | INFO | ✅ Збережено schedule.json (12 черг)
2025-10-24 01:13:46,480 | INFO | ✅ pat_cherkasyoblenergo_928 — оброблено і збережено.
2025-10-24 01:13:46,480 | INFO | ⏳ Наступна перевірка через 252 сек.

2025-10-24 01:17:59,160 | INFO | 🔎 Знайдено 20 постів, перевіряємо нові...
2025-10-24 01:17:59,160 | INFO | ⏳ Наступна перевірка через 249 сек.

2025-10-24 18:38:37,783 | INFO | 🚀 Парсер запущено. Очікування нових постів...
2025-10-24 18:38:38,493 | INFO | 🔎 Знайдено 20 постів.
2025-10-24 18:38:38,493 | INFO | ⏳ Наступна перевірка через 80 сек.

2025-10-24 18:38:45,489 | INFO | 🛑 Зупинено вручну.
2025-10-24 18:39:03,383 | INFO | 🚀 Парсер запущено. Очікування нових постів...
2025-10-24 18:39:04,079 | INFO | 🔎 Знайдено 20 постів.
2025-10-24 18:39:04,081 | INFO | ℹ️ pat_cherkasyoblenergo_908 — немає графіка або дати, пропущено.
2025-10-24 18:39:04,082 | INFO | ℹ️ pat_cherkasyoblenergo_909 — немає графіка або дати, пропущено.
2025-10-24 18:39:04,085 | INFO | ℹ️ pat_cherkasyoblenergo_910 — немає графіка або дати, пропущено.
2025-10-24 18:39:04,085 | INFO | ℹ️ pat_cherkasyoblenergo_911 — немає графіка або дати, пропущено.
2025-10-24 18:39:04,086 | INFO | ℹ️ pat_cherkasyoblenergo_913 — немає графіка або дати, пропущено.
2025-10-24 18:39:04,088 | INFO | ℹ️ pat_cherkasyoblenergo_914 — немає графіка або дати, пропущено.
2025-10-24 18:39:04,088 | INFO | ℹ️ pat_cherkasyoblenergo_915 — немає графіка або дати, пропущено.
2025-10-24 18:39:04,089 | INFO | ℹ️ pat_cherkasyoblenergo_916 — немає графіка або дати, пропущено.
2025-10-24 18:39:04,090 | INFO | ℹ️ pat_cherkasyoblenergo_917 — немає графіка або дати, пропущено.
2025-10-24 18:39:04,090 | INFO | ℹ️ pat_cherkasyoblenergo_918 — немає графіка або дати, пропущено.
2025-10-24 18:39:04,092 | INFO | ℹ️ pat_cherkasyoblenergo_919 — немає графіка або дати, пропущено.
2025-10-24 18:39:04,092 | INFO | ℹ️ pat_cherkasyoblenergo_920 — немає графіка або дати, пропущено.
2025-10-24 18:39:04,094 | INFO | ✅ Збережено schedule_2210.json (4 черг)
2025-10-24 18:39:04,094 | INFO | 📅 Створено tabledate.txt: 22 жовтня, середа
2025-10-24 18:39:04,095 | INFO | 📝 Створено schedule.txt
2025-10-24 18:39:04,095 | INFO | 🎨 Запускаємо createtabletem.py ...
2025-10-24 18:39:04,205 | ERROR | ❌ createtabletem.py завершився з кодом 9009
2025-10-24 18:39:04,206 | ERROR | [stderr]: Python was not found; run without arguments to install from the Microsoft Store, or disable this shortcut from Settings > Apps > Advanced app settings > App execution aliases.
2025-10-24 18:39:04,206 | WARNING | ⚠️ Зображення не створено, публікація пропущена.
2025-10-24 18:39:04,207 | INFO | ✅ pat_cherkasyoblenergo_921 — оброблено й опубліковано.
2025-10-24 18:39:04,208 | INFO | ✅ Збережено schedule_2210.json (12 черг)
2025-10-24 18:39:04,209 | INFO | 📅 Створено tabledate.txt: 22 жовтня, середа
2025-10-24 18:39:04,209 | INFO | 📝 Створено schedule.txt
2025-10-24 18:39:04,210 | INFO | 🎨 Запускаємо createtabletem.py ...
2025-10-24 18:39:04,290 | ERROR | ❌ createtabletem.py завершився з кодом 9009
2025-10-24 18:39:04,290 | ERROR | [stderr]: Python was not found; run without arguments to install from the Microsoft Store, or disable this shortcut from Settings > Apps > Advanced app settings > App execution aliases.
2025-10-24 18:39:04,291 | WARNING | ⚠️ Зображення не створено, публікація пропущена.
2025-10-24 18:39:04,291 | INFO | ✅ pat_cherkasyoblenergo_922 — оброблено й опубліковано.
2025-10-24 18:39:04,292 | INFO | ℹ️ pat_cherkasyoblenergo_923 — немає графіка або дати, пропущено.
2025-10-24 18:39:04,293 | INFO | ✅ Збережено schedule_2310.json (12 черг)
2025-10-24 18:39:04,294 | INFO | 📅 Створено tabledate.txt: 23 жовтня, четвер
2025-10-24 18:39:04,295 | INFO | 📝 Створено schedule.txt
2025-10-24 18:39:04,295 | INFO | 🎨 Запускаємо createtabletem.py ...
2025-10-24 18:39:04,373 | ERROR | ❌ createtabletem.py завершився з кодом 9009
2025-10-24 18:39:04,374 | ERROR | [stderr]: Python was not found; run without arguments to install from the Microsoft Store, or disable this shortcut from Settings > Apps > Advanced app settings > App execution aliases.
2025-10-24 18:39:04,374 | WARNING | ⚠️ Зображення не створено, публікація пропущена.
2025-10-24 18:39:04,375 | INFO | ✅ pat_cherkasyoblenergo_924 — оброблено й опубліковано.
2025-10-24 18:39:04,376 | INFO | ✅ Збережено schedule_2310.json (8 черг)
2025-10-24 18:39:04,377 | INFO | 📅 Створено tabledate.txt: 23 жовтня, четвер
2025-10-24 18:39:04,377 | INFO | 📝 Створено schedule.txt
2025-10-24 18:39:04,378 | INFO | 🎨 Запускаємо createtabletem.py ...
2025-10-24 18:39:04,476 | ERROR | ❌ createtabletem.py завершився з кодом 9009
2025-10-24 18:39:04,476 | ERROR | [stderr]: Python was not found; run without arguments to install from the Microsoft Store, or disable this shortcut from Settings > Apps > Advanced app settings > App execution aliases.
2025-10-24 18:39:04,477 | WARNING | ⚠️ Зображення не створено, публікація пропущена.
2025-10-24 18:39:04,478 | INFO | ✅ pat_cherkasyoblenergo_925 — оброблено й опубліковано.
2025-10-24 18:39:04,479 | INFO | ℹ️ pat_cherkasyoblenergo_926 — немає графіка або дати, пропущено.
2025-10-24 18:39:04,481 | INFO | ℹ️ pat_cherkasyoblenergo_927 — немає графіка або дати, пропущено.
2025-10-24 18:39:04,483 | INFO | ✅ Збережено schedule.json (12 черг)
2025-10-24 18:39:04,486 | INFO | 📅 Створено tabledate.txt: 24 жовтня, п’ятниця
2025-10-24 18:39:04,487 | INFO | 📝 Створено schedule.txt
2025-10-24 18:39:04,488 | INFO | 🎨 Запускаємо createtabletem.py ...
2025-10-24 18:39:04,580 | ERROR | ❌ createtabletem.py завершився з кодом 9009
2025-10-24 18:39:04,581 | ERROR | [stderr]: Python was not found; run without arguments to install from the Microsoft Store, or disable this shortcut from Settings > Apps > Advanced app settings > App execution aliases.
2025-10-24 18:39:04,581 | WARNING | ⚠️ Зображення не створено, публікація пропущена.
2025-10-24 18:39:04,582 | INFO | ✅ pat_cherkasyoblenergo_928 — оброблено й опубліковано.
2025-10-24 18:39:04,582 | INFO | ⏳ Наступна перевірка через 110 сек.

2025-10-24 18:40:55,393 | INFO | 🔎 Знайдено 20 постів.
2025-10-24 18:40:55,393 | INFO | ⏳ Наступна перевірка через 69 сек.

2025-10-24 18:42:05,079 | INFO | 🔎 Знайдено 20 постів.
2025-10-24 18:42:05,080 | INFO | ⏳ Наступна перевірка через 92 сек.

2025-10-24 18:43:37,823 | INFO | 🔎 Знайдено 20 постів.
2025-10-24 18:43:37,824 | INFO | ⏳ Наступна перевірка через 89 сек.

2025-10-24 18:45:07,587 | INFO | 🔎 Знайдено 20 постів.
2025-10-24 18:45:07,587 | INFO | ⏳ Наступна перевірка через 100 сек.

2025-10-24 18:46:48,278 | INFO | 🔎 Знайдено 20 постів.
2025-10-24 18:46:48,278 | INFO | ⏳ Наступна перевірка через 98 сек.

2025-10-24 18:48:27,044 | INFO | 🔎 Знайдено 20 постів.
2025-10-24 18:48:27,045 | INFO | ⏳ Наступна перевірка через 96 сек.

2025-10-24 18:50:03,738 | INFO | 🔎 Знайдено 20 постів.
2025-10-24 18:50:03,738 | INFO | ⏳ Наступна перевірка через 65 сек.

2025-10-24 18:51:09,427 | INFO | 🔎 Знайдено 20 постів.
2025-10-24 18:51:09,428 | INFO | ℹ️ pat_cherkasyoblenergo_929 — немає графіка або дати, пропущено.
2025-10-24 18:51:09,429 | INFO | ⏳ Наступна перевірка через 66 сек.

2025-10-24 18:51:21,085 | INFO | 🛑 Зупинено вручну.
2025-10-25 01:35:52,366 | INFO | 🚀 Парсер запущено. Очікування нових постів...
2025-10-25 01:35:53,055 | INFO | 🔎 Знайдено 20 постів.
2025-10-25 01:35:53,056 | INFO | ℹ️ pat_cherkasyoblenergo_910 — немає графіка або дати, пропущено.
2025-10-25 01:35:53,057 | INFO | ℹ️ pat_cherkasyoblenergo_911 — немає графіка або дати, пропущено.
2025-10-25 01:35:53,058 | INFO | ℹ️ pat_cherkasyoblenergo_913 — немає графіка або дати, пропущено.
2025-10-25 01:35:53,059 | INFO | ℹ️ pat_cherkasyoblenergo_914 — немає графіка або дати, пропущено.
2025-10-25 01:35:53,060 | INFO | ℹ️ pat_cherkasyoblenergo_915 — немає графіка або дати, пропущено.
2025-10-25 01:35:53,061 | INFO | ℹ️ pat_cherkasyoblenergo_916 — немає графіка або дати, пропущено.
2025-10-25 01:35:53,062 | INFO | ℹ️ pat_cherkasyoblenergo_917 — немає графіка або дати, пропущено.
2025-10-25 01:35:53,063 | INFO | ℹ️ pat_cherkasyoblenergo_918 — немає графіка або дати, пропущено.
2025-10-25 01:35:53,064 | INFO | ℹ️ pat_cherkasyoblenergo_919 — немає графіка або дати, пропущено.
2025-10-25 01:35:53,065 | INFO | 🧪 TEST_MODE активний. Спецповідомлення — тестові канали: [-1002930307928, -1002880164797]
2025-10-25 01:35:53,273 | INFO | HTTP Request: POST https://api.telegram.org/bot8291315042:AAHKAMx0TLQZslE8301MfhFaAgAVCnjSVvo/sendMessage "HTTP/1.1 200 OK"
2025-10-25 01:35:53,274 | INFO | 📢 Надіслано спецповідомлення у канал -1002930307928
2025-10-25 01:35:53,458 | INFO | HTTP Request: POST https://api.telegram.org/bot8291315042:AAHKAMx0TLQZslE8301MfhFaAgAVCnjSVvo/sendMessage "HTTP/1.1 200 OK"
2025-10-25 01:35:53,459 | INFO | 📢 Надіслано спецповідомлення у канал -1002880164797
2025-10-25 01:35:53,462 | INFO | ✅ pat_cherkasyoblenergo_920 — спецповідомлення оброблено.
2025-10-25 01:35:53,464 | INFO | ✅ Збережено schedule_2210.json (4 черг)
2025-10-25 01:35:53,468 | INFO | 📅 Створено tabledate.txt: 22 жовтня, середа
2025-10-25 01:35:53,469 | INFO | 📝 Створено schedule.txt
2025-10-25 01:35:53,470 | INFO | 🎨 Запускаємо createtabletem.py ...
2025-10-25 01:35:53,614 | ERROR | ❌ createtabletem.py завершився з кодом 9009
2025-10-25 01:35:53,614 | ERROR | [stderr]: Python was not found; run without arguments to install from the Microsoft Store, or disable this shortcut from Settings > Apps > Advanced app settings > App execution aliases.
2025-10-25 01:35:53,615 | WARNING | ⚠️ Зображення не створено, публікація пропущена.
2025-10-25 01:35:53,616 | INFO | ✅ pat_cherkasyoblenergo_921 — оброблено й опубліковано.
2025-10-25 01:35:53,617 | INFO | ✅ Збережено schedule_2210.json (12 черг)
2025-10-25 01:35:53,618 | INFO | 📅 Створено tabledate.txt: 22 жовтня, середа
2025-10-25 01:35:53,619 | INFO | 📝 Створено schedule.txt
2025-10-25 01:35:53,621 | INFO | 🎨 Запускаємо createtabletem.py ...
2025-10-25 01:35:53,709 | ERROR | ❌ createtabletem.py завершився з кодом 9009
2025-10-25 01:35:53,710 | ERROR | [stderr]: Python was not found; run without arguments to install from the Microsoft Store, or disable this shortcut from Settings > Apps > Advanced app settings > App execution aliases.
2025-10-25 01:35:53,710 | WARNING | ⚠️ Зображення не створено, публікація пропущена.
2025-10-25 01:35:53,711 | INFO | ✅ pat_cherkasyoblenergo_922 — оброблено й опубліковано.
2025-10-25 01:35:53,712 | INFO | ℹ️ pat_cherkasyoblenergo_923 — немає графіка або дати, пропущено.
2025-10-25 01:35:53,714 | INFO | ✅ Збережено schedule_2310.json (12 черг)
2025-10-25 01:35:53,714 | INFO | 📅 Створено tabledate.txt: 23 жовтня, четвер
2025-10-25 01:35:53,715 | INFO | 📝 Створено schedule.txt
2025-10-25 01:35:53,715 | INFO | 🎨 Запускаємо createtabletem.py ...
2025-10-25 01:35:53,807 | ERROR | ❌ createtabletem.py завершився з кодом 9009
2025-10-25 01:35:53,808 | ERROR | [stderr]: Python was not found; run without arguments to install from the Microsoft Store, or disable this shortcut from Settings > Apps > Advanced app settings > App execution aliases.
2025-10-25 01:35:53,808 | WARNING | ⚠️ Зображення не створено, публікація пропущена.
2025-10-25 01:35:53,810 | INFO | ✅ pat_cherkasyoblenergo_924 — оброблено й опубліковано.
2025-10-25 01:35:53,812 | INFO | ✅ Збережено schedule_2310.json (8 черг)
2025-10-25 01:35:53,813 | INFO | 📅 Створено tabledate.txt: 23 жовтня, четвер
2025-10-25 01:35:53,814 | INFO | 📝 Створено schedule.txt
2025-10-25 01:35:53,815 | INFO | 🎨 Запускаємо createtabletem.py ...
2025-10-25 01:35:53,943 | ERROR | ❌ createtabletem.py завершився з кодом 9009
2025-10-25 01:35:53,944 | ERROR | [stderr]: Python was not found; run without arguments to install from the Microsoft Store, or disable this shortcut from Settings > Apps > Advanced app settings > App execution aliases.
2025-10-25 01:35:53,944 | WARNING | ⚠️ Зображення не створено, публікація пропущена.
2025-10-25 01:35:53,945 | INFO | ✅ pat_cherkasyoblenergo_925 — оброблено й опубліковано.
2025-10-25 01:35:53,947 | INFO | ℹ️ pat_cherkasyoblenergo_926 — немає графіка або дати, пропущено.
2025-10-25 01:35:53,948 | INFO | ℹ️ pat_cherkasyoblenergo_927 — немає графіка або дати, пропущено.
2025-10-25 01:35:53,950 | INFO | ✅ Збережено schedule_2410.json (12 черг)
2025-10-25 01:35:53,955 | INFO | 📅 Створено tabledate.txt: 24 жовтня, п’ятниця
2025-10-25 01:35:53,960 | INFO | 📝 Створено schedule.txt
2025-10-25 01:35:53,961 | INFO | 🎨 Запускаємо createtabletem.py ...
2025-10-25 01:35:54,086 | ERROR | ❌ createtabletem.py завершився з кодом 9009
2025-10-25 01:35:54,086 | ERROR | [stderr]: Python was not found; run without arguments to install from the Microsoft Store, or disable this shortcut from Settings > Apps > Advanced app settings > App execution aliases.
2025-10-25 01:35:54,087 | WARNING | ⚠️ Зображення не створено, публікація пропущена.
2025-10-25 01:35:54,088 | INFO | ✅ pat_cherkasyoblenergo_928 — оброблено й опубліковано.
2025-10-25 01:35:54,093 | INFO | ℹ️ pat_cherkasyoblenergo_929 — немає графіка або дати, пропущено.
2025-10-25 01:35:54,095 | INFO | ✅ Збережено schedule.json (12 черг)
2025-10-25 01:35:54,096 | INFO | 📅 Створено tabledate.txt: 25 жовтня, субота
2025-10-25 01:35:54,097 | INFO | 📝 Створено schedule.txt
2025-10-25 01:35:54,098 | INFO | 🎨 Запускаємо createtabletem.py ...
2025-10-25 01:35:54,234 | ERROR | ❌ createtabletem.py завершився з кодом 9009
2025-10-25 01:35:54,235 | ERROR | [stderr]: Python was not found; run without arguments to install from the Microsoft Store, or disable this shortcut from Settings > Apps > Advanced app settings > App execution aliases.
2025-10-25 01:35:54,236 | WARNING | ⚠️ Зображення не створено, публікація пропущена.
2025-10-25 01:35:54,237 | INFO | ✅ pat_cherkasyoblenergo_930 — оброблено й опубліковано.
2025-10-25 01:35:54,238 | INFO | ⏳ Наступна перевірка через 102 сек.

2025-10-25 01:37:36,934 | INFO | 🔎 Знайдено 20 постів.
2025-10-25 01:37:36,935 | INFO | ⏳ Наступна перевірка через 76 сек.

2025-10-25 01:38:16,797 | INFO | 🛑 Зупинено вручну.
