[с.Калинівка] OBJ: смт
[с. В'язівок. ФОП Сало Андрій Анатолійович] OBJ: держ
[с. В'язівок. ФОП Сало Андрій Анатолійович] OBJ: М
[с. В'язівок. ФОП Сало Андрій Анатолійович] OBJ: М
[с. В'язівок. ФОП Сало Андрій Анатолійович] OBJ: Д
[с. В'язівок. ФОП Сало Андрій Анатолійович] OBJ: ТОВ
"Шторм",ФОП Панова К
[с. В'язівок. ФОП Сало Андрій Анатолійович] OBJ: М
[с. В'язівок. ФОП Сало Андрій Анатолійович] OBJ: П
[с. В'язівок. ФОП Сало Андрій Анатолійович] OBJ: Ю
[с. В'язівок. ФОП Сало Андрій Анатолійович] OBJ: СТОВ "Придніпровський край",ТОВ "Продсільпром",ПП Куля В
[с. В'язівок. ФОП Сало Андрій Анатолійович] OBJ: А
[с. В'язівок. ФОП Сало Андрій Анатолійович] OBJ: І
[с. В'язівок. ФОП Сало Андрій Анатолійович] OBJ: П
[с. В'язівок. ФОП Сало Андрій Анатолійович] OBJ: Ю
[с. В'язівок. ФОП Сало Андрій Анатолійович] OBJ: В
[М.Є.] OBJ: А
[М.Є.] OBJ: В
[С.В.] OBJ: М
[С.В.] OBJ: П
[С.В.] OBJ: В
[С.В.] OBJ: М
[С.В.] OBJ: П
[С.В.] OBJ: православної церкви,ФОП Кiт Г
[С.В.] OBJ: М
[С.В.] OBJ: ТОВ "КОНОНІВСЬКИЙ ЕЛЕВАТОР",СТОВ "Коцюбинське",СФГ
"Відродження",ТОВ "Шрамкiвський цегельний завод",КП "Шрамкiвський ринок",ФОП Кучеренко
[С.М.] OBJ: В
[С.М.] OBJ: СФГ "Ольга",ПП
Гайнулін В
[С.М.] OBJ: М
[С.М.] OBJ: В
[С.М.] OBJ: православної церкв,ПП "Ковалівська аграрно-будівельна компанія",КНП
"Драбівський ЦПМCД",ФОП Василенко В
[С.М.] OBJ: А
[С.М.] OBJ: ТОВ "РАФФІНЕРІЯ",ФОП Куцопатрий
[М.Л.] OBJ: В
[М.Л.] OBJ: М
[М.Л.] OBJ: ТОВ "ДЕЛЬТА ВЕСТ
ОЙЛ ГРУП", Лопатинський Г
[М.Л.] OBJ: М
[М.О.] OBJ: Приватне акціонерне товариство "ВФ Україна",ТОВ
"АНТРЕПРИЗ",ФОП Перерва В
[М.О.] OBJ: І
[М.О.] OBJ: ТОВ "Щедре поле",ТОВАРИСТВО З ОБМЕЖЕНОЮ ВIДПОВIДАЛЬНIСТЮ "АНТАРЕС*А",Виконавчий
комітет Шрамкiвської сільської ради,ВІДДІЛ ОКМС ШРАМКІВСЬКОЇ СІЛЬСЬКОЇ РАДИ,ТОВ " ЛАЙТ ЕНЕРДЖІ СИСТЕМС",Добробог
Ю
[М.О.] OBJ: В
[М.О.] OBJ: О
[М.О.] OBJ: І
[с.Яворівка] OBJ: х
[с.Яворівка] OBJ: держ
[с.Яворівка] OBJ: В
[с.Яворівка] OBJ: Ю
[с.Яворівка] OBJ: СТОВ АФ "Слобідська",ФОП Шевчук П
[с.Яворівка] OBJ: В
[М.М.] OBJ: М
[М.М.] OBJ: ПСП "Опал",ТОВ АПК "Степ",ТОВ "Атлантик Фармз ІІ",ФОП Калiнiченко
[С.Г.] OBJ: Я
[С.Г.] OBJ: ФГ "Нива",ПП Бойсак В
[С.Г.] OBJ: В
[М.І.] OBJ: І
[М.І.] OBJ: КНП "Драбівський ЦПМCД",ФОП Калашніков О
[М.І.] OBJ: В
[М.І.] OBJ: І
[М.О.] OBJ: ТОВ "Зернова компанія " Хорс",об'єкти Виконавчого комітету Драбівської селищної ради,об'єкти
Виконавчого комітеут Шрамкiвської сільської ради,об'єкти ВІДДІЛУ ОСВІТИ ДРАБІВСЬКОЇ СЕЛИЩНОЇ РАДИ,об'єкти СЕКТОУР КУЛЬТУРИ
, МОЛОДІ ТА СПОРТУ ДРАБІВСЬКОЇ СЕЛИЩНОЇ РАДИ
[М.К.] OBJ: Старокиївський, АТ "УКРПОШТА", ПСП "Плешканi", ТОВ "РУСЬ СК",ТОВ "Гельмязiвське РТП", АТ "ЧЕРКАСИГАЗ",ГУ
ДКСУ у Черкаській обл
[М.К.] OBJ: мiжрайонна оптово-торгiвельна база, КНП "Золотоніський РЦ ПМСД" Гельмязівської с/р, ТОВ "Млин",
Черкаська виправна колонія, АТ "Державний ощадний банк України", ЧОКП "ФАРМАЦІЯ", Відділ освіти виконкому Гельмязівської сільської
ради, Виконавчий комітет Гельмязівської сільської ради, ТОВ "ЗОЛТА-С", Комунальне пiд-во "Добробут", ФОП Тесля О В,ФОП Теницький
О П, ФОП Скороденко Л М
[М.К.] OBJ: С
[М.К.] OBJ: Г
[М.К.] OBJ: М
[М.К.] OBJ: І
[М.К.] OBJ: ФОП Куімова Алла Вікторівна,ТОВ "МАКЛАУТ-ЧС", ПСП "Гельмязів Агротехнологічна група", ФОП Коробочка
О
[М.К.] OBJ: Ю
[М.К.] OBJ: В
[М.К.] OBJ: ТОВ "РЕНТКОНСТРАКТ"
[с.Бакаївка] OBJ: Лугова, Філія "ЦПРП" АТ "Укрзалізниця",Золотоніський
психоневрологічний інтернат,Красногiрський жiночий монастир,Виконавчий комітет Новодмитрiвської сільської ради,ТОВ ГК "
АВТОСТРАДА",ФОП Криворучко
[М.М.] OBJ: М
[м.Золотоноша] OBJ: М
[м. Золотоноша] OBJ: Запорізька, ТОВ "Золотонiський ЛГЗ "Златогор", ТОВ "Золотонiська швейна фабрика", КП"Золотонiське видавничо-
полiграфiчне пiдпр-во", ПрАТ "Будiвельник", ТОВ "ЧЕРКАСЬКИЙ ПРОЕКТ",АТ "УКРПОШТА", ФОП Таран Людмила Василівна, ПрАТ
"Янтарь", Філія "ЦПРП" АТ "Укрзалізниця", АТ "ЧЕРКАСИГАЗ", Золотоніський кооперативний універмаг РайСТ, Упр-ня житлово-
комунального гос-ва,ТОВ "Торговий дім "Златосвіт", КП "Черкас
[м. Золотоноша] OBJ: обєднане бюро технічної інвентаризації", ПрАТ "Черкаси ОПАС", ПП УК
"Янтарь", ВСП Золотоніський фаховий коледж вет
[м. Золотоноша] OBJ: мiської ради, Концерн "Військторгсервіс" ЧФконсерну "Військторгсерв, Управління поліції охорони в Черкаській
обл,Комунальне п-во "Золотоніський міський ринок", АТ "Державний ощадний банк України", Золотонiська районна рада, ЧОО
УТОС,Відділ освіти Золот
[м. Золотоноша] OBJ: міської ради,МП "Чайка", Парафія Успіння Божої Матері Київської єпархії, ПрАТ "Золотоношаагропостач", ГУ
Держгеокадастру у Черкаській обл
[м. Золотоноша] OBJ: упр-ня міністерства юстиції (
[м.Київ] OBJ: В
[м.Київ] OBJ: М
[М.В.] OBJ: Г
[С.С.] OBJ: О
[М.В.] OBJ: В
[М.В.] OBJ: О
[М.В.] OBJ: О
[М.В.] OBJ: М
[М.В.] OBJ: В
[М.В.] OBJ: Г
[М.В.] OBJ: С
[С.О.] OBJ: Г
[С.О.] OBJ: Приватний нотарiус
(Сахно В I), ФОП Шарабура В
[С.О.] OBJ: В
[С.О.] OBJ: В
[С.О.] OBJ: І
[С.О.] OBJ: П
[С.О.] OBJ: В
[С.О.] OBJ: Г
[С.О.] OBJ: Д
[С.О.] OBJ: М
[С.М.] OBJ: М
[С.М.] OBJ: Ю
[С.М.] OBJ: Ф
[С.М.] OBJ: В
[С.М.] OBJ: В
[С.М.] OBJ: М
[С.М.] OBJ: греко-катол
[С.М.] OBJ: церкви,ФО Шипович Я
[С.М.] OBJ: І
[С.М.] OBJ: М
[С.М.] OBJ: П
[С.М.] OBJ: А
[С.М.] OBJ: ФГ "ОЛІВІЯ І К",ФО Скалозубов
[М.А.] OBJ: П
[М.А.] OBJ: Ф
[М.А.] OBJ: М
[М.А.] OBJ: М
[М.А.] OBJ: А
[С.А.] OBJ: І
[С.А.] OBJ: Б
[С.А.] OBJ: Г
[С.А.] OBJ: В
[С.А.] OBJ: В
[С.А.] OBJ: М
[С.А.] OBJ: С
[С.А.] OBJ: Ф
[С.А.] OBJ: В
[С.А.] OBJ: С
[С.А.] OBJ: М
[С.А.] OBJ: В
[С.А.] OBJ: В
[С.А.] OBJ: Л
[С.А.] OBJ: І
[С.А.] OBJ: І
[С.А.] OBJ: Ф
[С.А.] OBJ: В
[М.
Кам'янська філія] OBJ: ТОВ "Олімп"
[м.Кам’янка] OBJ: Зв`язківців,ТОВ "Єскадор"
АПК Сервіс, ПП Гапченко, ПП «Вікторія», Грушківське лісництво
[м. Корсунь-Шевченківський вулиці] OBJ: : Зарічна
[М.Вернигори] OBJ: центр Соціально-психологічної допомоги", ПП Тимофієв, ДНЗ "СЦППРК",
НВПП "ДАК-Електропром"
Побутові споживачі:
[м. Сміла] OBJ: В
[м. Сміла] OBJ: В
[с.Пастирське] OBJ: х-р
[с.Лузанівка] OBJ: СТ"Радуга
[с.Лузанівка] OBJ: СТ"Восход"
[с.Яснозір'я] OBJ: І
[с.Яснозір'я] OBJ: Л
[с.Яснозір'я] OBJ: Л
[с.Яснозір'я] OBJ: Пкровський, Хутір Тараненки, СТОВ "Хдіб-Продукт", ФГ "Нектар", КНП "Черкаська рай
[с.Яснозір'я] OBJ: лікарня
[с. Тубільці] OBJ: магістральних газоп-дів, ТВО НВО "Зубр",ТОВ Лексбуд та приватні підприємці
[с.Соснове] OBJ: А
[с.Хрещатик] OBJ: Шевченка,ТОВ
НВК "Фотоприлад", ТОВ "Ендвенчер", ТОВ "УКРТАУЕР", ДОТ "Компас-Парк" та приватні підприємці
[с.Мошни] OBJ: : ДП"Перемога Нова", ФГ "Терра"
[с.Байбузи] OBJ: Дружби, СТОВ "Іскра", ТОВ"Вітал -Гарден" та
приватні підприємці
[с.Шелепухи] OBJ: Кропивницького, школа,ТОВ "Пономар",Фельдшерський акушерський пункт та приватні підприємці
[с.Софіївка] OBJ: Бузкова, школа, ТОВ "Пономар",ТОВ "Астеліт", ПрАТ "Київстар",Філія "Корсунське-Шевченківське Лісове
Господарство" ДСГП "Ліси України", та приватні підприємці
[с.Кумейки] OBJ: Шевченка, СПД
Іващенко, школа, Дитячий садок "Гайок", ФІЛІЯ"ЦЕНТРАЛЬНИЙ ЛІСОВИЙ ОФІС" державного спеціалізованого господарського
підприємства "Ліси Україна" та приватні підприємці
[с.Стара Гута] OBJ: лінійне виробниче упр
[с.Мошни] OBJ: І
[с.Мошни] OBJ: ТОВ"Агросервіс", СФГ"Білий Лебідь", ФІЛІЯ"ЦЕНТРАЛЬНИЙ ЛІСОВИЙ ОФІС"
державного спеціалізованого господарського підприємства "Ліси України", Дитсадок"Лісова казка", ВК "Мошнівської територіальної
громади", ОК Дачний кооператив "Хутір Залісся",ФГ "ФГ Терра",КНП "Черкаська районна лікарня
[с.Мошни] OBJ: " та приватні підприємці
[с.Мошни] OBJ: Берегова, Регіональний офіс водних ресурсів у Черкаскій області, ПрАТ "ВФ
Україна",Черкасиоблавтодор,СФГ "Білий лебідь",ФГ" Леван-агро",ДП "Перемога Нова", СГК"Сонячна Поляна", ТОВ"Маклаут
ЧС"(Серверна),Енергодільниця,КНП "Черкаська районна лікарня
[с.Мошни] OBJ: " та приватні підприємці
[с.Лозівок] OBJ: : ПрАТ "Вільшанка", кооп
[с.Лозівок] OBJ: "Водник", ОЕ
[с.Лозівок] OBJ: "Три Берези", СФГ "Оксамит", СФГ "Осіпова і К" та приватні підприємці
[с.Лозівок] OBJ: : ТОВ ТПК Промдизель, ОК Кок-Якір, Черкаське РУВР
[с.Лозівок] OBJ: КП "ЧЕРКАСИВОДОКАНАЛ" водозабор міста Черкаси
Черкаське управління захисних масивів дніпровських водосховищ
[с.Топилівка] OBJ: СТОВ "Дружба, ТОВ "АПК"Маїс"
[с.Боровиця] OBJ: ТОВ "Рікон-Лайн"
[с.Трушівці] OBJ: водопостачання
[с.Худоліївка.] OBJ: СТОВ "Світанок", ТОВ "Мрія", СТОВ "Надія", ПСП "В
[с.Худоліївка.] OBJ: Хутір", СТОВ "Агрофірма "Маяк"
[с. В. Хутір] OBJ: захист, Чорнобаївське ОТГ, Суд, Ощадбанк, Райфайзенбанк
[с. В. Хутір] OBJ: Чорнобаївська філія -Центр зайнятості, Чорнобаївський районний фізкультурно-
оздоровчий клуб, ТОВ "Мауклауд-ЛТД", ТОВ "Фармацептична фірма "Ваше здоровя", Чорнобаївське районне споживче товариство ФОП
Пхіденко, ФОП Бабак, ФОП Шпак, ФОП Лимар, ФОП Кириченко, ФОП Молібог, ФОП Мунька, ФОП Чорненко, ФОП Марченко, ФОП
Подшибякін, ФОП Шаповал, ФОП Корчан, ФОП Секрет
[с. Сигнаївка] OBJ: :ТОВ "Агро-Ніка",г-во "ЛНЗ", г-во "Оріон", г-во "Павловка", ФГ "Шипельова", СФ "Деметра", агрофірма
"Вись", ПП Кравченко, ФГ "Ольвія ", ФГ "Оліанна"
[с.Матусів] OBJ: вулиці: Дружби,Байрачанська, Молодіжна,Заводська,
Перемоги, Космонавтів, Хмельницького, Богуна,Вишнева, Шевченка, Новошевченківська, Тодося Осмачки, Кравченка, Полтава,
Станіславська, Героїв Крут, Дворянська, Ганзенка
[с. Станіславчик.с.Сигнаївка] OBJ: частково населення
[с. Сигнаївка] OBJ: ФГ "Шипельова"
[с.Мар'янівка г-во ЛНЗ] OBJ: тік ЛНЗ, свинокомплекс
[м.Шпола вул Рильського] OBJ: (частково)
[с. Бурти] OBJ: населення
[с.Бурти] OBJ: ТОВ "Авуар" (ЛНЗ)
Калинопільська філія
"КП Калинопільського СЖКГ", ФГ “Новоселиця”, ФГ "Агровіктрія", ФГ "Агродана", ФГ "Нова Україна", ФГ "Надія", ТОВ "Агросоюзснаб", ТОВ
"НВФ" "Урожай", інфекційна лікарня
[М. Калигірської ОТГ] OBJ: : частково
[с. Мокра Калигірка в.Шкільна] OBJ: в
[с. Мокра Калигірка в.Шкільна] OBJ: ТОВ "СИРОРОБ",
ПП Кошолап
[М.Калигірської ОТГ] OBJ: :
[М.Калигірської ОТГ] OBJ: : частково
[с. Ярошівка] OBJ: : в
[м. Тальне вул Урожайна. Холодноярська. Небесної Сотні. Вишнева. Багряна. Пр. Урожайний. Вул Перемоги. Замкова. Набережна.] OBJ: пр
[м. Тальне вул Урожайна. Холодноярська. Небесної Сотні. Вишнева. Багряна. Пр. Урожайний. Вул Перемоги. Замкова. Набережна.] OBJ: с Левада
[м. Тальне вул Урожайна. Холодноярська. Небесної Сотні. Вишнева. Багряна. Пр. Урожайний. Вул Перемоги. Замкова. Набережна.] OBJ: бр
[м. Тальне вул Урожайна. Холодноярська. Небесної Сотні. Вишнева. Багряна. Пр. Урожайний. Вул Перемоги. Замкова. Набережна.] OBJ: ) д/с Казка
[м. Тальне вул Урожайна. Холодноярська. Небесної Сотні. Вишнева. Багряна. Пр. Урожайний. Вул Перемоги. Замкова. Набережна.] OBJ: пр
[м. Тальне вул Урожайна. Холодноярська. Небесної Сотні. Вишнева. Багряна. Пр. Урожайний. Вул Перемоги. Замкова. Набережна.] OBJ: (населення) Тер центр по обслугов населення (Стаціонар) Суд
[м. Тальне вул Урожайна. Холодноярська. Небесної Сотні. Вишнева. Багряна. Пр. Урожайний. Вул Перемоги. Замкова. Набережна.] OBJ: АЗС "УКр Нафта"
[м. Тальне вул Урожайна . Пр. Польовий. вул Некрасова. Пр. Малий. Калинова. Грушевського. Веселокутська.] OBJ: Тальне "Санолта Протеїн"
[м. Тальне ТОВ Авнгардс. Здобуток с. Глибочок вул Н. Сотні. Вишнева. Набержна. Замлинівська. Станкевича. Шамрая. Школа.] OBJ: Заверталюка
Черкаська міська філія
ПАТ "ТЕМП"
[С.Амброса] OBJ: Г
[С.Амброса] OBJ: В
[С.Амброса] OBJ: В
[М.Калашника 191] OBJ: В
[М.Калашника 191] OBJ: І
[М.Калашника 191] OBJ: Б
[М.Калашника 191] OBJ: Ю
[М.Калашника 191] OBJ: О
[М.Калашника 191] OBJ: А
[М.Калашника 191] OBJ: КПТМ "Черкаситеплоко-муненерго", ФОП Дiскант Р
[М.Калашника 191] OBJ: В
[М.Калашника 191] OBJ: П
[М.Калашника 191] OBJ: суд Черк
[М.Калашника 191] OBJ: обл
[М.Калашника 191] OBJ: 
ТОВ "Слобожанська фарм
[М.Калашника 191] OBJ: комп-я", ФОП ХЕЛЕТІЙ О
[М.Калашника 191] OBJ: П
[М.Калашника 191] OBJ: міськ
[М.Калашника 191] OBJ: ради, ФОП Яроцька Н
[М.Калашника 191] OBJ: І
[М.Калашника 191] OBJ: ПП "Юридична фірма "Євгеніка", ЧДТУ, АТ "Укрпошта", Черк
[М.Калашника 191] OBJ: дирекція АТ
"Укрпошта"